<?xml version="1.0" encoding="UTF-8"?>
<Site BuildName="(empty)"
	BuildStamp="20240612-1758-Experimental"
	Name="ubuntu"
	Generator="ctest-3.25.1"
	CompilerName="/usr/bin/c++"
	CompilerVersion="11.4.0"
	OSName="Linux"
	Hostname="ubuntu"
	OSRelease="6.5.0-35-generic"
	OSVersion="#35~22.04.1-Ubuntu SMP PREEMPT_DYNAMIC Tue May  7 09:00:52 UTC 2"
	OSPlatform="x86_64"
	Is64Bits="1"
	VendorString="AuthenticAMD"
	VendorID="Advanced Micro Devices"
	FamilyID="23"
	ModelID="96"
	ProcessorCacheSize="512"
	NumberOfLogicalCPU="16"
	NumberOfPhysicalCPU="8"
	TotalVirtualMemory="2047"
	TotalPhysicalMemory="23386"
	LogicalProcessorsPerPhysical="2"
	ProcessorClockFrequency="1474.34"
	>
	<Testing>
		<StartDateTime>Jun 12 13:58 EDT</StartDateTime>
		<StartTestTime>1718215087</StartTestTime>
		<TestList/>
		<EndDateTime>Jun 12 13:58 EDT</EndDateTime>
		<EndTestTime>1718215087</EndTestTime>
		<ElapsedMinutes>0</ElapsedMinutes>
	</Testing>
</Site>
