<?xml version="1.0" encoding="UTF-8"?>
<Site BuildName="(empty)"
	BuildStamp="20240608-1047-Experimental"
	Name="ubuntu"
	Generator="ctest-3.25.1"
	CompilerName="/usr/bin/c++"
	CompilerVersion="11.4.0"
	OSName="Linux"
	Hostname="ubuntu"
	OSRelease="6.5.0-35-generic"
	OSVersion="#35~22.04.1-Ubuntu SMP PREEMPT_DYNAMIC Tue May  7 09:00:52 UTC 2"
	OSPlatform="x86_64"
	Is64Bits="1"
	VendorString="AuthenticAMD"
	VendorID="Advanced Micro Devices"
	FamilyID="23"
	ModelID="96"
	ProcessorCacheSize="512"
	NumberOfLogicalCPU="16"
	NumberOfPhysicalCPU="8"
	TotalVirtualMemory="2047"
	TotalPhysicalMemory="23386"
	LogicalProcessorsPerPhysical="2"
	ProcessorClockFrequency="1443.19"
	>
	<Testing>
		<StartDateTime>Jun 08 06:47 EDT</StartDateTime>
		<StartTestTime>1717843663</StartTestTime>
		<TestList/>
		<EndDateTime>Jun 08 06:47 EDT</EndDateTime>
		<EndTestTime>1717843663</EndTestTime>
		<ElapsedMinutes>0</ElapsedMinutes>
	</Testing>
</Site>
